[debug] [2022-06-05T05:57:11.515Z] ----------------------------------------------------------------------
[debug] [2022-06-05T05:57:11.517Z] Command:       C:\Program Files\nodejs\node.exe C:\Users\sridhar.subramani\AppData\Roaming\npm\node_modules\firebase-tools\lib\bin\firebase.js deploy --only hosting
[debug] [2022-06-05T05:57:11.518Z] CLI Version:   11.0.1
[debug] [2022-06-05T05:57:11.518Z] Platform:      win32
[debug] [2022-06-05T05:57:11.518Z] Node Version:  v16.14.0
[debug] [2022-06-05T05:57:11.521Z] Time:          Sun Jun 05 2022 11:27:11 GMT+0530 (India Standard Time)
[debug] [2022-06-05T05:57:11.521Z] ----------------------------------------------------------------------
[debug] 
[debug] [2022-06-05T05:57:11.619Z] > command requires scopes: ["email","openid","https://www.googleapis.com/auth/cloudplatformprojects.readonly","https://www.googleapis.com/auth/firebase","https://www.googleapis.com/auth/cloud-platform"]
[debug] [2022-06-05T05:57:11.619Z] > authorizing via signed-in user (ronsridhar607@gmail.com)
[debug] [2022-06-05T05:57:11.620Z] [iam] checking project clearcloudify-5eafc for permissions ["firebase.projects.get","firebasehosting.sites.update"]
[debug] [2022-06-05T05:57:11.622Z] > refreshing access token with scopes: []
[debug] [2022-06-05T05:57:11.623Z] >>> HTTP REQUEST POST https://www.googleapis.com/oauth2/v3/token  
 <request body omitted>
[debug] [2022-06-05T05:57:21.305Z] <<< HTTP RESPONSE 200 {"cache-control":"no-cache, no-store, max-age=0, must-revalidate","date":"Sun, 05 Jun 2022 05:59:34 GMT","pragma":"no-cache","expires":"Mon, 01 Jan 1990 00:00:00 GMT","content-type":"application/json; charset=utf-8","vary":"X-Origin, Referer, Origin,Accept-Encoding","server":"scaffolding on HTTPServer2","x-xss-protection":"0","x-frame-options":"SAMEORIGIN","x-content-type-options":"nosniff","alt-svc":"h3=\":443\"; ma=2592000,h3-29=\":443\"; ma=2592000,h3-Q050=\":443\"; ma=2592000,h3-Q046=\":443\"; ma=2592000,h3-Q043=\":443\"; ma=2592000,quic=\":443\"; ma=2592000; v=\"46,43\"","accept-ranges":"none","transfer-encoding":"chunked"}
[debug] [2022-06-05T05:57:21.336Z] >>> [apiv2][query] POST https://cloudresourcemanager.googleapis.com/v1/projects/clearcloudify-5eafc:testIamPermissions [none]
[debug] [2022-06-05T05:57:21.336Z] >>> [apiv2][body] POST https://cloudresourcemanager.googleapis.com/v1/projects/clearcloudify-5eafc:testIamPermissions {"permissions":["firebase.projects.get","firebasehosting.sites.update"]}
[debug] [2022-06-05T05:57:31.715Z] <<< [apiv2][status] POST https://cloudresourcemanager.googleapis.com/v1/projects/clearcloudify-5eafc:testIamPermissions 200
[debug] [2022-06-05T05:57:31.715Z] <<< [apiv2][body] POST https://cloudresourcemanager.googleapis.com/v1/projects/clearcloudify-5eafc:testIamPermissions {"permissions":["firebase.projects.get","firebasehosting.sites.update"]}
[debug] [2022-06-05T05:57:31.716Z] >>> [apiv2][query] GET https://firebase.googleapis.com/v1beta1/projects/clearcloudify-5eafc [none]
[debug] [2022-06-05T05:57:49.241Z] Failed to make request to https://firebase.googleapis.com/v1beta1/projects/clearcloudify-5eafc
[debug] [2022-06-05T05:58:00.313Z] FirebaseError: Failed to make request to https://firebase.googleapis.com/v1beta1/projects/clearcloudify-5eafc
    at RetryOperation._fn (C:\Users\sridhar.subramani\AppData\Roaming\npm\node_modules\firebase-tools\lib\apiv2.js:240:31)
    at processTicksAndRejections (node:internal/process/task_queues:96:5)
[error] 
[error] Error: Failed to get Firebase project clearcloudify-5eafc. Please make sure the project exists and your account has permission to access it.
